<?xml version="1.0" encoding="utf-8"?><testsuites name="pytest tests"><testsuite name="pytest" errors="0" failures="1" skipped="0" tests="31" time="4.320" timestamp="2026-08-15T19:25:28.588485+00:00" hostname="agent-env-373b61ce-7ff8-488c-bd5d-20cbb01a9303"><testcase classname="tests.test_backend_api.TestContracts" name="test_list_locador" time="0.679" /><testcase classname="tests.test_backend_api.TestAuth" name="test_login_locador" time="0.674" /><testcase classname="tests.test_backend_api.TestAuth" name="test_login_locatario" time="0.271" /><testcase classname="tests.test_backend_api.TestAuth" name="test_login_wrong_password" time="0.445" /><testcase classname="tests.test_backend_api.TestContracts" name="test_list_locatario" time="0.715" /><testcase classname="tests.test_backend_api.TestAuth" name="test_me_requires_token" time="0.047" /><testcase classname="tests.test_backend_api.TestContracts" name="test_get_contract" time="0.109" /><testcase classname="tests.test_backend_api.TestAuth" name="test_me_with_token" time="0.089" /><testcase classname="tests.test_backend_api.TestContracts" name="test_pdf" time="0.301" /><testcase classname="tests.test_backend_api.TestAuth" name="test_register_and_login" time="0.320" /><testcase classname="tests.test_backend_api.TestContracts" name="test_locatario_cannot_create_contract" time="0.092" /><testcase classname="tests.test_backend_api.TestVehicles" name="test_list_all" time="0.050" /><testcase classname="tests.test_backend_api.TestContracts" name="test_create_sign_flow" time="0.396" /><testcase classname="tests.test_backend_api.TestVehicles" name="test_list_mine_locador" time="0.051" /><testcase classname="tests.test_backend_api.TestVehicles" name="test_status_filter" time="0.098" /><testcase classname="tests.test_backend_api.TestVehicles" name="test_locatario_cannot_create" time="0.095" /><testcase classname="tests.test_backend_api.TestVehicles" name="test_crud_flow" time="0.249" /><testcase classname="tests.test_backend_api.TestPayments" name="test_list_all" time="0.049" /><testcase classname="tests.test_backend_api.TestPayments" name="test_list_by_contract" time="0.169"><failure message="assert 0 &gt;= 1&#10; +  where 0 = len([])">backend/tests/test_backend_api.py:215: in test_list_by_contract
    assert len(r.json()["items"]) &gt;= 1
E   assert 0 &gt;= 1
E    +  where 0 = len([])</failure></testcase><testcase classname="tests.test_backend_api.TestMaintenance" name="test_list_locador" time="0.053" /><testcase classname="tests.test_backend_api.TestMaintenance" name="test_list_locatario" time="0.053" /><testcase classname="tests.test_backend_api.TestMaintenance" name="test_add_and_update" time="0.153" /><testcase classname="tests.test_backend_api.TestPayments" name="test_add_payment" time="0.135" /><testcase classname="tests.test_backend_api.TestMaintenance" name="test_locatario_cannot_create" time="0.050" /><testcase classname="tests.test_backend_api.TestPayments" name="test_stripe_not_configured" time="0.113" /><testcase classname="tests.test_backend_api.TestDashboard" name="test_locador_summary" time="0.092" /><testcase classname="tests.test_backend_api.TestMessages" name="test_send_and_list" time="0.164" /><testcase classname="tests.test_backend_api.TestDashboard" name="test_locatario_summary" time="0.054" /><testcase classname="tests.test_backend_api" name="test_health" time="0.093" /><testcase classname="tests.test_backend_api.TestMessages" name="test_access_control" time="0.888" /><testcase classname="tests.test_backend_api.TestLocations" name="test_get_and_push" time="0.162" /></testsuite></testsuites>