<?xml version="1.0" encoding="utf-8"?><testsuites name="pytest tests"><testsuite name="pytest" errors="0" failures="0" skipped="0" tests="5" time="1.917" timestamp="2026-08-29T13:10:56.673754+00:00" hostname="agent-env-982d5429-0ade-44f1-a0ea-349d7e05ee96"><testcase classname="tests.test_landing_api" name="test_root" time="0.836" /><testcase classname="tests.test_landing_api" name="test_create_lead_and_persistence" time="0.165" /><testcase classname="tests.test_landing_api" name="test_create_lead_invalid_email" time="0.077" /><testcase classname="tests.test_landing_api" name="test_track_event" time="0.080" /><testcase classname="tests.test_landing_api" name="test_analytics_summary" time="0.082" /></testsuite></testsuites>